<?xml version="1.0" encoding="UTF-8"?>
<testsuite xmlns:xsi="http://www.w3.org/2001/XMLSchema-instance" xsi:noNamespaceSchemaLocation="https://maven.apache.org/surefire/maven-surefire-plugin/xsd/surefire-test-report-3.0.xsd" version="3.0" name="com.camunda.iot.IotDemo.ProcessUnitTest" time="7.999" tests="1" errors="0" skipped="0" failures="0">
  <properties>
[...]
</properties>
  <testcase name="testHappyPath" classname="com.camunda.iot.IotDemo.ProcessUnitTest" time="1.836">
    <system-out><![CDATA[17:14:21.543 [main] DEBUG org.camunda.bpm.engine.test - ==== BUILDING PROCESS ENGINE ========================================================================
17:14:22.189 [main] INFO  org.camunda.bpm.engine.cfg - ENGINE-12003 Plugin 'SpinProcessEnginePlugin' activated on process engine 'default'
17:14:22.204 [main] INFO  org.camunda.spin - SPIN-01010 Discovered Spin data format provider: org.camunda.spin.impl.json.jackson.format.JacksonJsonDataFormatProvider[name = application/json]
17:14:22.493 [main] INFO  org.camunda.spin - SPIN-01010 Discovered Spin data format provider: org.camunda.spin.impl.xml.dom.format.DomXmlDataFormatProvider[name = application/xml]
17:14:22.622 [main] INFO  org.camunda.spin - SPIN-01009 Discovered Spin data format: org.camunda.spin.impl.xml.dom.format.DomXmlDataFormat[name = application/xml]
17:14:22.623 [main] INFO  org.camunda.spin - SPIN-01009 Discovered Spin data format: org.camunda.spin.impl.json.jackson.format.JacksonJsonDataFormat[name = application/json]
17:14:22.820 [main] INFO  org.camunda.bpm.dmn.feel.scala - FEEL/SCALA-01001 Spin value mapper detected
17:14:22.994 [main] INFO  org.camunda.feel.FeelEngine - Engine created. [value-mapper: CompositeValueMapper(List(org.camunda.feel.impl.JavaValueMapper@408e96d9, org.camunda.spin.plugin.impl.feel.integration.SpinValueMapper@59901c4d)), function-provider: org.camunda.bpm.dmn.feel.impl.scala.function.CustomFunctionTransformer@1cec219f, clock: SystemClock, configuration: Configuration(false)]
17:14:27.041 [main] INFO  org.camunda.bpm.connect - CNCT-01004 Discovered provider for connector id 'http-connector' and class 'org.camunda.connect.httpclient.impl.HttpConnectorImpl': 'org.camunda.connect.httpclient.impl.HttpConnectorProviderImpl'
17:14:27.044 [main] INFO  org.camunda.bpm.connect - CNCT-01004 Discovered provider for connector id 'soap-http-connector' and class 'org.camunda.connect.httpclient.soap.impl.SoapHttpConnectorImpl': 'org.camunda.connect.httpclient.soap.impl.SoapHttpConnectorProviderImpl'
17:14:27.374 [main] INFO  org.camunda.bpm.engine.persistence - ENGINE-03016 Performing database operation 'create' on component 'engine' with resource 'org/camunda/bpm/engine/db/create/activiti.h2.create.engine.sql'
17:14:27.436 [main] INFO  org.camunda.bpm.engine.persistence - ENGINE-03016 Performing database operation 'create' on component 'history' with resource 'org/camunda/bpm/engine/db/create/activiti.h2.create.history.sql'
17:14:27.452 [main] INFO  org.camunda.bpm.engine.persistence - ENGINE-03016 Performing database operation 'create' on component 'identity' with resource 'org/camunda/bpm/engine/db/create/activiti.h2.create.identity.sql'
17:14:27.477 [main] INFO  org.camunda.bpm.engine.persistence - ENGINE-03016 Performing database operation 'create' on component 'case.engine' with resource 'org/camunda/bpm/engine/db/create/activiti.h2.create.case.engine.sql'
17:14:27.485 [main] INFO  org.camunda.bpm.engine.persistence - ENGINE-03016 Performing database operation 'create' on component 'case.history' with resource 'org/camunda/bpm/engine/db/create/activiti.h2.create.case.history.sql'
17:14:27.491 [main] INFO  org.camunda.bpm.engine.persistence - ENGINE-03016 Performing database operation 'create' on component 'decision.engine' with resource 'org/camunda/bpm/engine/db/create/activiti.h2.create.decision.engine.sql'
17:14:27.508 [main] INFO  org.camunda.bpm.engine.persistence - ENGINE-03016 Performing database operation 'create' on component 'decision.history' with resource 'org/camunda/bpm/engine/db/create/activiti.h2.create.decision.history.sql'
17:14:27.575 [main] INFO  org.camunda.bpm.engine.persistence - ENGINE-03067 No history level property found in database
17:14:27.583 [main] INFO  org.camunda.bpm.engine.persistence - ENGINE-03065 Creating historyLevel property in database for level: HistoryLevelFull(name=full, id=3)
17:14:27.614 [main] INFO  org.camunda.bpm.engine - ENGINE-00001 Process Engine default created.
17:14:27.616 [main] DEBUG org.camunda.bpm.engine.test - ==== PROCESS ENGINE CREATED =========================================================================
17:14:27.639 [main] INFO  o.c.b.e.j.t.ProcessEngineExtension - annotation @Deployment creates deployment for com.camunda.iot.IotDemo.ProcessUnitTest.testHappyPath
17:14:27.778 [main] WARN  org.camunda.bpm.engine.cfg - ENGINE-12016 definitionKey: IotDemo; You are using the default TTL (Time To Live) of 180 days (six months); the history clean-up feature will delete your data after six months. We recommend adjusting the TTL configuration property aligned with your specific requirements.
***event_nseverity variable is null***
Email address is null. Cannot send email.
17:14:29.375 [main] INFO  o.c.c.p.j.p.ProcessEngineCoverageExtension - testHappyPath test method coverage is 0.7647058823529411
17:14:29.375 [main] INFO  o.c.b.e.j.t.ProcessEngineExtension - annotation @Deployment deletes deployment for com.camunda.iot.IotDemo.ProcessUnitTest.testHappyPath
]]></system-out>
    <system-err><![CDATA[mar. 12, 2024 5:14:28 P. M. com.camunda.iot.IotDemo.LoggerDelegate execute
INFORMACIÓN: 

  ... LoggerDelegate invoked by activityName='check yes', activityId=Activity_19erncu, processDefinitionId=IotDemo:1:3, processInstanceId=4, businessKey=null, executionId=4, variables={
  weatherOK => Value 'true' of type 'PrimitiveValueType[boolean]', isTransient=false
} 


]]></system-err>
  </testcase>
</testsuite>